INFO - 2024-03-13 14:14:28,388 в строке 35 : Каталоги и файлы, расположенные в C:\Elena\GeekBrains\diving_into_python\seminar
INFO - 2024-03-13 14:14:28,388 в строке 38 : Folder_object(name='seminar_1', directory=True, extension='no ext', parents_directory='seminar')
INFO - 2024-03-13 14:14:28,388 в строке 38 : Folder_object(name='seminar_10', directory=True, extension='no ext', parents_directory='seminar')
INFO - 2024-03-13 14:14:28,388 в строке 38 : Folder_object(name='seminar_11', directory=True, extension='no ext', parents_directory='seminar')
INFO - 2024-03-13 14:14:28,388 в строке 38 : Folder_object(name='seminar_12', directory=True, extension='no ext', parents_directory='seminar')
INFO - 2024-03-13 14:14:28,389 в строке 38 : Folder_object(name='seminar_13', directory=True, extension='no ext', parents_directory='seminar')
INFO - 2024-03-13 14:14:28,389 в строке 38 : Folder_object(name='seminar_14', directory=True, extension='no ext', parents_directory='seminar')
INFO - 2024-03-13 14:14:28,389 в строке 38 : Folder_object(name='seminar_15', directory=True, extension='no ext', parents_directory='seminar')
INFO - 2024-03-13 14:14:28,389 в строке 38 : Folder_object(name='seminar_2', directory=True, extension='no ext', parents_directory='seminar')
INFO - 2024-03-13 14:14:28,389 в строке 38 : Folder_object(name='seminar_3', directory=True, extension='no ext', parents_directory='seminar')
INFO - 2024-03-13 14:14:28,390 в строке 38 : Folder_object(name='seminar_4', directory=True, extension='no ext', parents_directory='seminar')
INFO - 2024-03-13 14:14:28,390 в строке 38 : Folder_object(name='seminar_5', directory=True, extension='no ext', parents_directory='seminar')
INFO - 2024-03-13 14:14:28,390 в строке 38 : Folder_object(name='seminar_6', directory=True, extension='no ext', parents_directory='seminar')
INFO - 2024-03-13 14:14:28,390 в строке 38 : Folder_object(name='seminar_7', directory=True, extension='no ext', parents_directory='seminar')
INFO - 2024-03-13 14:14:28,390 в строке 38 : Folder_object(name='seminar_8', directory=True, extension='no ext', parents_directory='seminar')
INFO - 2024-03-13 14:14:28,390 в строке 38 : Folder_object(name='seminar_9', directory=True, extension='no ext', parents_directory='seminar')
INFO - 2024-03-13 14:14:28,390 в строке 40 : Folder_object(name='task_1', directory=False, extension='py', parents_directory='seminar_1')
INFO - 2024-03-13 14:14:28,390 в строке 40 : Folder_object(name='task_2', directory=False, extension='py', parents_directory='seminar_1')
INFO - 2024-03-13 14:14:28,390 в строке 40 : Folder_object(name='task_3', directory=False, extension='py', parents_directory='seminar_1')
INFO - 2024-03-13 14:14:28,390 в строке 40 : Folder_object(name='task_4', directory=False, extension='py', parents_directory='seminar_1')
INFO - 2024-03-13 14:14:28,390 в строке 40 : Folder_object(name='task_5', directory=False, extension='py', parents_directory='seminar_1')
INFO - 2024-03-13 14:14:28,390 в строке 40 : Folder_object(name='task_6', directory=False, extension='py', parents_directory='seminar_1')
INFO - 2024-03-13 14:14:28,390 в строке 38 : Folder_object(name='primer', directory=True, extension='no ext', parents_directory='seminar_10')
INFO - 2024-03-13 14:14:28,390 в строке 40 : Folder_object(name='task_1', directory=False, extension='py', parents_directory='seminar_10')
INFO - 2024-03-13 14:14:28,390 в строке 40 : Folder_object(name='task_2', directory=False, extension='py', parents_directory='seminar_10')
INFO - 2024-03-13 14:14:28,390 в строке 40 : Folder_object(name='task_3', directory=False, extension='py', parents_directory='seminar_10')
INFO - 2024-03-13 14:14:28,390 в строке 40 : Folder_object(name='task_4', directory=False, extension='py', parents_directory='seminar_10')
INFO - 2024-03-13 14:14:28,390 в строке 40 : Folder_object(name='task_5', directory=False, extension='py', parents_directory='seminar_10')
INFO - 2024-03-13 14:14:28,390 в строке 40 : Folder_object(name='task_6', directory=False, extension='py', parents_directory='seminar_10')
INFO - 2024-03-13 14:14:28,390 в строке 40 : Folder_object(name='task_1', directory=False, extension='py', parents_directory='primer')
INFO - 2024-03-13 14:14:28,390 в строке 40 : Folder_object(name='task_2', directory=False, extension='py', parents_directory='primer')
INFO - 2024-03-13 14:14:28,391 в строке 40 : Folder_object(name='task_3', directory=False, extension='py', parents_directory='primer')
INFO - 2024-03-13 14:14:28,391 в строке 40 : Folder_object(name='task_4', directory=False, extension='py', parents_directory='primer')
INFO - 2024-03-13 14:14:28,391 в строке 40 : Folder_object(name='task_5', directory=False, extension='py', parents_directory='primer')
INFO - 2024-03-13 14:14:28,391 в строке 40 : Folder_object(name='task_6', directory=False, extension='py', parents_directory='primer')
INFO - 2024-03-13 14:14:28,391 в строке 38 : Folder_object(name='primer', directory=True, extension='no ext', parents_directory='seminar_11')
INFO - 2024-03-13 14:14:28,391 в строке 40 : Folder_object(name='task_1', directory=False, extension='py', parents_directory='seminar_11')
INFO - 2024-03-13 14:14:28,391 в строке 40 : Folder_object(name='task_2', directory=False, extension='py', parents_directory='seminar_11')
INFO - 2024-03-13 14:14:28,391 в строке 40 : Folder_object(name='task_3', directory=False, extension='py', parents_directory='seminar_11')
INFO - 2024-03-13 14:14:28,391 в строке 40 : Folder_object(name='task_4', directory=False, extension='py', parents_directory='seminar_11')
INFO - 2024-03-13 14:14:28,391 в строке 40 : Folder_object(name='task_5', directory=False, extension='py', parents_directory='seminar_11')
INFO - 2024-03-13 14:14:28,391 в строке 40 : Folder_object(name='task_6', directory=False, extension='py', parents_directory='seminar_11')
INFO - 2024-03-13 14:14:28,391 в строке 40 : Folder_object(name='task_1', directory=False, extension='py', parents_directory='primer')
INFO - 2024-03-13 14:14:28,391 в строке 40 : Folder_object(name='task_2', directory=False, extension='py', parents_directory='primer')
INFO - 2024-03-13 14:14:28,391 в строке 40 : Folder_object(name='task_3', directory=False, extension='py', parents_directory='primer')
INFO - 2024-03-13 14:14:28,391 в строке 40 : Folder_object(name='task_4', directory=False, extension='py', parents_directory='primer')
INFO - 2024-03-13 14:14:28,391 в строке 40 : Folder_object(name='task_5', directory=False, extension='py', parents_directory='primer')
INFO - 2024-03-13 14:14:28,391 в строке 40 : Folder_object(name='task_6', directory=False, extension='py', parents_directory='primer')
INFO - 2024-03-13 14:14:28,391 в строке 38 : Folder_object(name='primer', directory=True, extension='no ext', parents_directory='seminar_12')
INFO - 2024-03-13 14:14:28,391 в строке 40 : Folder_object(name='f_json', directory=False, extension='no ext', parents_directory='seminar_12')
INFO - 2024-03-13 14:14:28,391 в строке 40 : Folder_object(name='task_1', directory=False, extension='py', parents_directory='seminar_12')
INFO - 2024-03-13 14:14:28,391 в строке 40 : Folder_object(name='task_2', directory=False, extension='py', parents_directory='seminar_12')
INFO - 2024-03-13 14:14:28,391 в строке 40 : Folder_object(name='task_3', directory=False, extension='py', parents_directory='seminar_12')
INFO - 2024-03-13 14:14:28,391 в строке 40 : Folder_object(name='task_4', directory=False, extension='py', parents_directory='seminar_12')
INFO - 2024-03-13 14:14:28,391 в строке 40 : Folder_object(name='task_5', directory=False, extension='py', parents_directory='seminar_12')
INFO - 2024-03-13 14:14:28,391 в строке 40 : Folder_object(name='task_6', directory=False, extension='py', parents_directory='seminar_12')
INFO - 2024-03-13 14:14:28,392 в строке 40 : Folder_object(name='factorial', directory=False, extension='json', parents_directory='primer')
INFO - 2024-03-13 14:14:28,392 в строке 40 : Folder_object(name='task_1', directory=False, extension='py', parents_directory='primer')
INFO - 2024-03-13 14:14:28,392 в строке 40 : Folder_object(name='task_2', directory=False, extension='py', parents_directory='primer')
INFO - 2024-03-13 14:14:28,392 в строке 40 : Folder_object(name='task_3', directory=False, extension='py', parents_directory='primer')
INFO - 2024-03-13 14:14:28,392 в строке 40 : Folder_object(name='task_4', directory=False, extension='py', parents_directory='primer')
INFO - 2024-03-13 14:14:28,392 в строке 40 : Folder_object(name='task_5', directory=False, extension='py', parents_directory='primer')
INFO - 2024-03-13 14:14:28,392 в строке 40 : Folder_object(name='task_6', directory=False, extension='py', parents_directory='primer')
INFO - 2024-03-13 14:14:28,392 в строке 38 : Folder_object(name='__pycache__', directory=True, extension='no ext', parents_directory='seminar_13')
INFO - 2024-03-13 14:14:28,392 в строке 40 : Folder_object(name='task_1', directory=False, extension='py', parents_directory='seminar_13')
INFO - 2024-03-13 14:14:28,392 в строке 40 : Folder_object(name='task_2', directory=False, extension='py', parents_directory='seminar_13')
INFO - 2024-03-13 14:14:28,392 в строке 40 : Folder_object(name='task_3', directory=False, extension='py', parents_directory='seminar_13')
INFO - 2024-03-13 14:14:28,392 в строке 40 : Folder_object(name='task_4', directory=False, extension='py', parents_directory='seminar_13')
INFO - 2024-03-13 14:14:28,392 в строке 40 : Folder_object(name='task_5', directory=False, extension='py', parents_directory='seminar_13')
INFO - 2024-03-13 14:14:28,392 в строке 40 : Folder_object(name='task_5_1', directory=False, extension='py', parents_directory='seminar_13')
INFO - 2024-03-13 14:14:28,392 в строке 40 : Folder_object(name='task_6', directory=False, extension='py', parents_directory='seminar_13')
INFO - 2024-03-13 14:14:28,392 в строке 40 : Folder_object(name='users', directory=False, extension='json', parents_directory='seminar_13')
INFO - 2024-03-13 14:14:28,392 в строке 40 : Folder_object(name='task_3', directory=False, extension='no ext', parents_directory='__pycache__')
INFO - 2024-03-13 14:14:28,392 в строке 40 : Folder_object(name='task_4', directory=False, extension='no ext', parents_directory='__pycache__')
INFO - 2024-03-13 14:14:28,392 в строке 38 : Folder_object(name='.pytest_cache', directory=True, extension='no ext', parents_directory='seminar_14')
INFO - 2024-03-13 14:14:28,392 в строке 38 : Folder_object(name='__pycache__', directory=True, extension='no ext', parents_directory='seminar_14')
INFO - 2024-03-13 14:14:28,392 в строке 40 : Folder_object(name='func', directory=False, extension='py', parents_directory='seminar_14')
INFO - 2024-03-13 14:14:28,392 в строке 40 : Folder_object(name='task_1', directory=False, extension='py', parents_directory='seminar_14')
INFO - 2024-03-13 14:14:28,393 в строке 40 : Folder_object(name='task_2', directory=False, extension='py', parents_directory='seminar_14')
INFO - 2024-03-13 14:14:28,393 в строке 40 : Folder_object(name='task_2_1', directory=False, extension='py', parents_directory='seminar_14')
INFO - 2024-03-13 14:14:28,393 в строке 40 : Folder_object(name='task_2_2', directory=False, extension='py', parents_directory='seminar_14')
INFO - 2024-03-13 14:14:28,393 в строке 40 : Folder_object(name='task_3', directory=False, extension='py', parents_directory='seminar_14')
INFO - 2024-03-13 14:14:28,393 в строке 40 : Folder_object(name='task_4', directory=False, extension='py', parents_directory='seminar_14')
INFO - 2024-03-13 14:14:28,393 в строке 40 : Folder_object(name='task_5', directory=False, extension='py', parents_directory='seminar_14')
INFO - 2024-03-13 14:14:28,393 в строке 40 : Folder_object(name='task_6', directory=False, extension='py', parents_directory='seminar_14')
INFO - 2024-03-13 14:14:28,393 в строке 40 : Folder_object(name='users', directory=False, extension='json', parents_directory='seminar_14')
INFO - 2024-03-13 14:14:28,393 в строке 38 : Folder_object(name='v', directory=True, extension='no ext', parents_directory='.pytest_cache')
INFO - 2024-03-13 14:14:28,393 в строке 40 : Folder_object(name='', directory=False, extension='gitignore', parents_directory='.pytest_cache')
INFO - 2024-03-13 14:14:28,393 в строке 40 : Folder_object(name='CACHEDIR', directory=False, extension='TAG', parents_directory='.pytest_cache')
INFO - 2024-03-13 14:14:28,393 в строке 40 : Folder_object(name='README', directory=False, extension='md', parents_directory='.pytest_cache')
INFO - 2024-03-13 14:14:28,393 в строке 38 : Folder_object(name='cache', directory=True, extension='no ext', parents_directory='v')
INFO - 2024-03-13 14:14:28,393 в строке 40 : Folder_object(name='lastfailed', directory=False, extension='no ext', parents_directory='cache')
INFO - 2024-03-13 14:14:28,393 в строке 40 : Folder_object(name='nodeids', directory=False, extension='no ext', parents_directory='cache')
INFO - 2024-03-13 14:14:28,393 в строке 40 : Folder_object(name='stepwise', directory=False, extension='no ext', parents_directory='cache')
INFO - 2024-03-13 14:14:28,393 в строке 40 : Folder_object(name='func', directory=False, extension='no ext', parents_directory='__pycache__')
INFO - 2024-03-13 14:14:28,393 в строке 40 : Folder_object(name='task_2', directory=False, extension='no ext', parents_directory='__pycache__')
INFO - 2024-03-13 14:14:28,393 в строке 40 : Folder_object(name='task_2_1', directory=False, extension='no ext', parents_directory='__pycache__')
INFO - 2024-03-13 14:14:28,393 в строке 40 : Folder_object(name='task_2_2', directory=False, extension='no ext', parents_directory='__pycache__')
INFO - 2024-03-13 14:14:28,393 в строке 40 : Folder_object(name='task_3', directory=False, extension='no ext', parents_directory='__pycache__')
INFO - 2024-03-13 14:14:28,393 в строке 40 : Folder_object(name='task_4', directory=False, extension='no ext', parents_directory='__pycache__')
INFO - 2024-03-13 14:14:28,394 в строке 40 : Folder_object(name='task_5', directory=False, extension='no ext', parents_directory='__pycache__')
INFO - 2024-03-13 14:14:28,394 в строке 40 : Folder_object(name='task_6', directory=False, extension='no ext', parents_directory='__pycache__')
INFO - 2024-03-13 14:14:28,394 в строке 38 : Folder_object(name='primer', directory=True, extension='no ext', parents_directory='seminar_15')
INFO - 2024-03-13 14:14:28,394 в строке 38 : Folder_object(name='__pycache__', directory=True, extension='no ext', parents_directory='seminar_15')
INFO - 2024-03-13 14:14:28,394 в строке 40 : Folder_object(name='log_task_1', directory=False, extension='log', parents_directory='seminar_15')
INFO - 2024-03-13 14:14:28,394 в строке 40 : Folder_object(name='log_task_2', directory=False, extension='log', parents_directory='seminar_15')
INFO - 2024-03-13 14:14:28,394 в строке 40 : Folder_object(name='log_task_3', directory=False, extension='log', parents_directory='seminar_15')
INFO - 2024-03-13 14:14:28,394 в строке 40 : Folder_object(name='log_task_4', directory=False, extension='log', parents_directory='seminar_15')
INFO - 2024-03-13 14:14:28,394 в строке 40 : Folder_object(name='task_1', directory=False, extension='py', parents_directory='seminar_15')
INFO - 2024-03-13 14:14:28,394 в строке 40 : Folder_object(name='task_2', directory=False, extension='py', parents_directory='seminar_15')
INFO - 2024-03-13 14:14:28,394 в строке 40 : Folder_object(name='task_2_1', directory=False, extension='py', parents_directory='seminar_15')
INFO - 2024-03-13 14:14:28,394 в строке 40 : Folder_object(name='task_3', directory=False, extension='py', parents_directory='seminar_15')
INFO - 2024-03-13 14:14:28,394 в строке 40 : Folder_object(name='task_4', directory=False, extension='py', parents_directory='seminar_15')
INFO - 2024-03-13 14:14:28,394 в строке 40 : Folder_object(name='task_5', directory=False, extension='py', parents_directory='seminar_15')
INFO - 2024-03-13 14:14:28,394 в строке 40 : Folder_object(name='task_6', directory=False, extension='py', parents_directory='seminar_15')
INFO - 2024-03-13 14:14:28,394 в строке 40 : Folder_object(name='task_7', directory=False, extension='py', parents_directory='seminar_15')
INFO - 2024-03-13 14:14:28,394 в строке 38 : Folder_object(name='Log', directory=True, extension='no ext', parents_directory='primer')
INFO - 2024-03-13 14:14:28,394 в строке 40 : Folder_object(name='task_1', directory=False, extension='py', parents_directory='primer')
INFO - 2024-03-13 14:14:28,394 в строке 40 : Folder_object(name='task_2', directory=False, extension='py', parents_directory='primer')
INFO - 2024-03-13 14:14:28,394 в строке 40 : Folder_object(name='task_3', directory=False, extension='py', parents_directory='primer')
INFO - 2024-03-13 14:14:28,394 в строке 40 : Folder_object(name='task_4', directory=False, extension='py', parents_directory='primer')
INFO - 2024-03-13 14:14:28,394 в строке 40 : Folder_object(name='task_5', directory=False, extension='py', parents_directory='primer')
INFO - 2024-03-13 14:14:28,394 в строке 40 : Folder_object(name='task_6', directory=False, extension='py', parents_directory='primer')
INFO - 2024-03-13 14:14:28,394 в строке 40 : Folder_object(name='log_1', directory=False, extension='log', parents_directory='Log')
INFO - 2024-03-13 14:14:28,395 в строке 40 : Folder_object(name='task_4', directory=False, extension='no ext', parents_directory='__pycache__')
INFO - 2024-03-13 14:14:28,395 в строке 40 : Folder_object(name='task_1', directory=False, extension='py', parents_directory='seminar_2')
INFO - 2024-03-13 14:14:28,395 в строке 40 : Folder_object(name='task_2', directory=False, extension='py', parents_directory='seminar_2')
INFO - 2024-03-13 14:14:28,395 в строке 40 : Folder_object(name='task_3', directory=False, extension='py', parents_directory='seminar_2')
INFO - 2024-03-13 14:14:28,395 в строке 40 : Folder_object(name='task_4', directory=False, extension='py', parents_directory='seminar_2')
INFO - 2024-03-13 14:14:28,395 в строке 40 : Folder_object(name='task_5', directory=False, extension='py', parents_directory='seminar_2')
INFO - 2024-03-13 14:14:28,395 в строке 40 : Folder_object(name='task_6', directory=False, extension='py', parents_directory='seminar_2')
INFO - 2024-03-13 14:14:28,395 в строке 40 : Folder_object(name='task_1', directory=False, extension='py', parents_directory='seminar_3')
INFO - 2024-03-13 14:14:28,395 в строке 40 : Folder_object(name='task_2', directory=False, extension='py', parents_directory='seminar_3')
INFO - 2024-03-13 14:14:28,395 в строке 40 : Folder_object(name='task_3', directory=False, extension='py', parents_directory='seminar_3')
INFO - 2024-03-13 14:14:28,395 в строке 40 : Folder_object(name='task_4', directory=False, extension='py', parents_directory='seminar_3')
INFO - 2024-03-13 14:14:28,395 в строке 40 : Folder_object(name='task_5', directory=False, extension='py', parents_directory='seminar_3')
INFO - 2024-03-13 14:14:28,395 в строке 40 : Folder_object(name='task_6', directory=False, extension='py', parents_directory='seminar_3')
INFO - 2024-03-13 14:14:28,395 в строке 40 : Folder_object(name='task_7', directory=False, extension='py', parents_directory='seminar_3')
INFO - 2024-03-13 14:14:28,395 в строке 40 : Folder_object(name='task_8', directory=False, extension='py', parents_directory='seminar_3')
INFO - 2024-03-13 14:14:28,395 в строке 40 : Folder_object(name='task_1', directory=False, extension='py', parents_directory='seminar_4')
INFO - 2024-03-13 14:14:28,395 в строке 40 : Folder_object(name='task_2', directory=False, extension='py', parents_directory='seminar_4')
INFO - 2024-03-13 14:14:28,395 в строке 40 : Folder_object(name='task_3', directory=False, extension='py', parents_directory='seminar_4')
INFO - 2024-03-13 14:14:28,395 в строке 40 : Folder_object(name='task_4', directory=False, extension='py', parents_directory='seminar_4')
INFO - 2024-03-13 14:14:28,395 в строке 40 : Folder_object(name='task_5', directory=False, extension='py', parents_directory='seminar_4')
INFO - 2024-03-13 14:14:28,395 в строке 40 : Folder_object(name='task_6', directory=False, extension='py', parents_directory='seminar_4')
INFO - 2024-03-13 14:14:28,395 в строке 40 : Folder_object(name='task_7', directory=False, extension='py', parents_directory='seminar_4')
INFO - 2024-03-13 14:14:28,395 в строке 40 : Folder_object(name='task_8', directory=False, extension='py', parents_directory='seminar_4')
INFO - 2024-03-13 14:14:28,396 в строке 40 : Folder_object(name='task_01', directory=False, extension='py', parents_directory='seminar_5')
INFO - 2024-03-13 14:14:28,396 в строке 40 : Folder_object(name='task_02', directory=False, extension='py', parents_directory='seminar_5')
INFO - 2024-03-13 14:14:28,396 в строке 40 : Folder_object(name='task_03', directory=False, extension='py', parents_directory='seminar_5')
INFO - 2024-03-13 14:14:28,396 в строке 40 : Folder_object(name='task_04', directory=False, extension='py', parents_directory='seminar_5')
INFO - 2024-03-13 14:14:28,396 в строке 40 : Folder_object(name='task_05', directory=False, extension='py', parents_directory='seminar_5')
INFO - 2024-03-13 14:14:28,396 в строке 40 : Folder_object(name='task_06', directory=False, extension='py', parents_directory='seminar_5')
INFO - 2024-03-13 14:14:28,396 в строке 40 : Folder_object(name='task_07', directory=False, extension='py', parents_directory='seminar_5')
INFO - 2024-03-13 14:14:28,396 в строке 38 : Folder_object(name='__pycache__', directory=True, extension='no ext', parents_directory='seminar_6')
INFO - 2024-03-13 14:14:28,396 в строке 40 : Folder_object(name='main', directory=False, extension='py', parents_directory='seminar_6')
INFO - 2024-03-13 14:14:28,396 в строке 40 : Folder_object(name='task_01', directory=False, extension='py', parents_directory='seminar_6')
INFO - 2024-03-13 14:14:28,396 в строке 40 : Folder_object(name='task_02', directory=False, extension='py', parents_directory='seminar_6')
INFO - 2024-03-13 14:14:28,396 в строке 40 : Folder_object(name='task_03', directory=False, extension='py', parents_directory='seminar_6')
INFO - 2024-03-13 14:14:28,396 в строке 40 : Folder_object(name='task_03_1', directory=False, extension='py', parents_directory='seminar_6')
INFO - 2024-03-13 14:14:28,396 в строке 40 : Folder_object(name='task_04', directory=False, extension='py', parents_directory='seminar_6')
INFO - 2024-03-13 14:14:28,396 в строке 40 : Folder_object(name='task_05', directory=False, extension='py', parents_directory='seminar_6')
INFO - 2024-03-13 14:14:28,396 в строке 40 : Folder_object(name='task_06', directory=False, extension='py', parents_directory='seminar_6')
INFO - 2024-03-13 14:14:28,396 в строке 40 : Folder_object(name='task_07', directory=False, extension='py', parents_directory='seminar_6')
INFO - 2024-03-13 14:14:28,396 в строке 40 : Folder_object(name='task_08', directory=False, extension='py', parents_directory='seminar_6')
INFO - 2024-03-13 14:14:28,396 в строке 40 : Folder_object(name='__init__', directory=False, extension='py', parents_directory='seminar_6')
INFO - 2024-03-13 14:14:28,396 в строке 40 : Folder_object(name='task_02', directory=False, extension='no ext', parents_directory='__pycache__')
INFO - 2024-03-13 14:14:28,396 в строке 40 : Folder_object(name='task_04', directory=False, extension='no ext', parents_directory='__pycache__')
INFO - 2024-03-13 14:14:28,396 в строке 40 : Folder_object(name='task_06', directory=False, extension='no ext', parents_directory='__pycache__')
INFO - 2024-03-13 14:14:28,396 в строке 38 : Folder_object(name='__pycache__', directory=True, extension='no ext', parents_directory='seminar_7')
INFO - 2024-03-13 14:14:28,396 в строке 40 : Folder_object(name='task_0', directory=False, extension='py', parents_directory='seminar_7')
INFO - 2024-03-13 14:14:28,397 в строке 40 : Folder_object(name='task_1', directory=False, extension='py', parents_directory='seminar_7')
INFO - 2024-03-13 14:14:28,397 в строке 40 : Folder_object(name='task_2', directory=False, extension='py', parents_directory='seminar_7')
INFO - 2024-03-13 14:14:28,397 в строке 40 : Folder_object(name='task_3', directory=False, extension='py', parents_directory='seminar_7')
INFO - 2024-03-13 14:14:28,397 в строке 40 : Folder_object(name='task_3_1', directory=False, extension='py', parents_directory='seminar_7')
INFO - 2024-03-13 14:14:28,397 в строке 40 : Folder_object(name='task_4', directory=False, extension='py', parents_directory='seminar_7')
INFO - 2024-03-13 14:14:28,397 в строке 40 : Folder_object(name='task_5', directory=False, extension='py', parents_directory='seminar_7')
INFO - 2024-03-13 14:14:28,397 в строке 40 : Folder_object(name='task_5_1', directory=False, extension='py', parents_directory='seminar_7')
INFO - 2024-03-13 14:14:28,397 в строке 40 : Folder_object(name='task_6', directory=False, extension='py', parents_directory='seminar_7')
INFO - 2024-03-13 14:14:28,397 в строке 40 : Folder_object(name='task_6_1', directory=False, extension='py', parents_directory='seminar_7')
INFO - 2024-03-13 14:14:28,397 в строке 40 : Folder_object(name='task_7', directory=False, extension='py', parents_directory='seminar_7')
INFO - 2024-03-13 14:14:28,397 в строке 40 : Folder_object(name='task_7_1', directory=False, extension='py', parents_directory='seminar_7')
INFO - 2024-03-13 14:14:28,397 в строке 40 : Folder_object(name='text_names', directory=False, extension='txt', parents_directory='seminar_7')
INFO - 2024-03-13 14:14:28,397 в строке 40 : Folder_object(name='text_nums', directory=False, extension='txt', parents_directory='seminar_7')
INFO - 2024-03-13 14:14:28,397 в строке 40 : Folder_object(name='task_4', directory=False, extension='no ext', parents_directory='__pycache__')
INFO - 2024-03-13 14:14:28,397 в строке 40 : Folder_object(name='task_5', directory=False, extension='no ext', parents_directory='__pycache__')
INFO - 2024-03-13 14:14:28,397 в строке 40 : Folder_object(name='task_5_1', directory=False, extension='no ext', parents_directory='__pycache__')
INFO - 2024-03-13 14:14:28,397 в строке 40 : Folder_object(name='task_6', directory=False, extension='no ext', parents_directory='__pycache__')
INFO - 2024-03-13 14:14:28,397 в строке 40 : Folder_object(name='task_6_1', directory=False, extension='no ext', parents_directory='__pycache__')
INFO - 2024-03-13 14:14:28,397 в строке 38 : Folder_object(name='task_5', directory=True, extension='no ext', parents_directory='seminar_8')
INFO - 2024-03-13 14:14:28,397 в строке 38 : Folder_object(name='__pycache__', directory=True, extension='no ext', parents_directory='seminar_8')
INFO - 2024-03-13 14:14:28,397 в строке 40 : Folder_object(name='task_1', directory=False, extension='py', parents_directory='seminar_8')
INFO - 2024-03-13 14:14:28,397 в строке 40 : Folder_object(name='task_2', directory=False, extension='py', parents_directory='seminar_8')
INFO - 2024-03-13 14:14:28,397 в строке 40 : Folder_object(name='task_2_1', directory=False, extension='py', parents_directory='seminar_8')
INFO - 2024-03-13 14:14:28,397 в строке 40 : Folder_object(name='task_3', directory=False, extension='py', parents_directory='seminar_8')
INFO - 2024-03-13 14:14:28,397 в строке 40 : Folder_object(name='task_4', directory=False, extension='py', parents_directory='seminar_8')
INFO - 2024-03-13 14:14:28,397 в строке 40 : Folder_object(name='task_5', directory=False, extension='py', parents_directory='seminar_8')
INFO - 2024-03-13 14:14:28,397 в строке 40 : Folder_object(name='task_6', directory=False, extension='py', parents_directory='seminar_8')
INFO - 2024-03-13 14:14:28,397 в строке 40 : Folder_object(name='task_7', directory=False, extension='py', parents_directory='seminar_8')
INFO - 2024-03-13 14:14:28,398 в строке 40 : Folder_object(name='text_result', directory=False, extension='json', parents_directory='seminar_8')
INFO - 2024-03-13 14:14:28,398 в строке 40 : Folder_object(name='text_result', directory=False, extension='txt', parents_directory='seminar_8')
INFO - 2024-03-13 14:14:28,398 в строке 40 : Folder_object(name='workers', directory=False, extension='csv', parents_directory='seminar_8')
INFO - 2024-03-13 14:14:28,398 в строке 40 : Folder_object(name='workers', directory=False, extension='json', parents_directory='seminar_8')
INFO - 2024-03-13 14:14:28,398 в строке 40 : Folder_object(name='workers_new', directory=False, extension='json', parents_directory='seminar_8')
INFO - 2024-03-13 14:14:28,398 в строке 40 : Folder_object(name='text_result', directory=False, extension='json', parents_directory='task_5')
INFO - 2024-03-13 14:14:28,398 в строке 40 : Folder_object(name='text_result', directory=False, extension='pickle', parents_directory='task_5')
INFO - 2024-03-13 14:14:28,398 в строке 40 : Folder_object(name='workers', directory=False, extension='json', parents_directory='task_5')
INFO - 2024-03-13 14:14:28,398 в строке 40 : Folder_object(name='workers', directory=False, extension='pickle', parents_directory='task_5')
INFO - 2024-03-13 14:14:28,398 в строке 40 : Folder_object(name='task_2_1', directory=False, extension='no ext', parents_directory='__pycache__')
INFO - 2024-03-13 14:14:28,398 в строке 40 : Folder_object(name='class_deco', directory=False, extension='py', parents_directory='seminar_9')
INFO - 2024-03-13 14:14:28,398 в строке 40 : Folder_object(name='task_1', directory=False, extension='py', parents_directory='seminar_9')
INFO - 2024-03-13 14:14:28,398 в строке 40 : Folder_object(name='task_2', directory=False, extension='py', parents_directory='seminar_9')
INFO - 2024-03-13 14:14:28,398 в строке 40 : Folder_object(name='task_2_1', directory=False, extension='py', parents_directory='seminar_9')
INFO - 2024-03-13 14:14:28,398 в строке 40 : Folder_object(name='task_3', directory=False, extension='py', parents_directory='seminar_9')
INFO - 2024-03-13 14:14:28,398 в строке 40 : Folder_object(name='task_4', directory=False, extension='py', parents_directory='seminar_9')
INFO - 2024-03-13 14:14:28,398 в строке 40 : Folder_object(name='task_5', directory=False, extension='py', parents_directory='seminar_9')
INFO - 2024-03-13 14:14:28,398 в строке 40 : Folder_object(name='task_6', directory=False, extension='py', parents_directory='seminar_9')
